0 info it worked if it ends with ok
1 verbose cli [ 'C:\\software\\nodejs\\node.exe',
1 verbose cli   'C:\\software\\nvm\\npm\\node_modules\\npm\\bin\\npm-cli.js',
1 verbose cli   'run',
1 verbose cli   'dev' ]
2 info using npm@4.0.2
3 info using node@v5.7.0
4 verbose run-script [ 'predev', 'dev', 'postdev' ]
5 info lifecycle note-app-vuejs-vuex@1.0.0~predev: note-app-vuejs-vuex@1.0.0
6 silly lifecycle note-app-vuejs-vuex@1.0.0~predev: no script for predev, continuing
7 info lifecycle note-app-vuejs-vuex@1.0.0~dev: note-app-vuejs-vuex@1.0.0
8 verbose lifecycle note-app-vuejs-vuex@1.0.0~dev: unsafe-perm in lifecycle true
9 verbose lifecycle note-app-vuejs-vuex@1.0.0~dev: PATH: C:\software\nvm\npm\node_modules\npm\bin\node-gyp-bin;F:\vue\note-vuex-example\node_modules\.bin;C:\Program Files (x86)\Intel\iCLS Client\;C:\Program Files\Intel\iCLS Client\;C:\Windows\system32;C:\Windows;C:\Windows\System32\Wbem;C:\Windows\System32\WindowsPowerShell\v1.0\;C:\Program Files (x86)\NVIDIA Corporation\PhysX\Common;C:\Program Files (x86)\Intel\Intel(R) Management Engine Components\DAL;C:\Program Files\Intel\Intel(R) Management Engine Components\DAL;C:\Program Files (x86)\Intel\Intel(R) Management Engine Components\IPT;C:\Program Files\Intel\Intel(R) Management Engine Components\IPT;C:\Windows\Sy;stem32\WindowsPowerShell\v1.0\;C:\Program Files\Git\cmd;C:\WINDOWS\system32;C:\WINDOWS;C:\WINDOWS\System32\Wbem;C:\WINDOWS\System32\WindowsPowerShell\v1.0\;C:\software\nvm\npm;C:\software\nvm\npm\node_modules;C:\software\nvm;C:\software\nodejs;C:\Program Files\Git\bin;C:\Users\pdog\AppData\Roming\npm;C:\Users\pdog\AppData\Local\Microsoft\WindowsApps;
10 verbose lifecycle note-app-vuejs-vuex@1.0.0~dev: CWD: F:\vue\note-vuex-example
11 silly lifecycle note-app-vuejs-vuex@1.0.0~dev: Args: [ '/d /s /c', 'webpack-dev-server --inline --hot' ]
12 silly lifecycle note-app-vuejs-vuex@1.0.0~dev: Returned: code: 3221225786  signal: null
13 info lifecycle note-app-vuejs-vuex@1.0.0~dev: Failed to exec dev script
14 verbose stack Error: note-app-vuejs-vuex@1.0.0 dev: `webpack-dev-server --inline --hot`
14 verbose stack Exit status 3221225786
14 verbose stack     at EventEmitter.<anonymous> (C:\software\nvm\npm\node_modules\npm\lib\utils\lifecycle.js:279:16)
14 verbose stack     at emitTwo (events.js:100:13)
14 verbose stack     at EventEmitter.emit (events.js:185:7)
14 verbose stack     at ChildProcess.<anonymous> (C:\software\nvm\npm\node_modules\npm\lib\utils\spawn.js:40:14)
14 verbose stack     at emitTwo (events.js:100:13)
14 verbose stack     at ChildProcess.emit (events.js:185:7)
14 verbose stack     at maybeClose (internal/child_process.js:827:16)
14 verbose stack     at Process.ChildProcess._handle.onexit (internal/child_process.js:211:5)
15 verbose pkgid note-app-vuejs-vuex@1.0.0
16 verbose cwd F:\vue\note-vuex-example
17 error Windows_NT 10.0.14393
18 error argv "C:\\software\\nodejs\\node.exe" "C:\\software\\nvm\\npm\\node_modules\\npm\\bin\\npm-cli.js" "run" "dev"
19 error node v5.7.0
20 error npm  v4.0.2
21 error code ELIFECYCLE
22 error note-app-vuejs-vuex@1.0.0 dev: `webpack-dev-server --inline --hot`
22 error Exit status 3221225786
23 error Failed at the note-app-vuejs-vuex@1.0.0 dev script 'webpack-dev-server --inline --hot'.
23 error Make sure you have the latest version of node.js and npm installed.
23 error If you do, this is most likely a problem with the note-app-vuejs-vuex package,
23 error not with npm itself.
23 error Tell the author that this fails on your system:
23 error     webpack-dev-server --inline --hot
23 error You can get information on how to open an issue for this project with:
23 error     npm bugs note-app-vuejs-vuex
23 error Or if that isn't available, you can get their info via:
23 error     npm owner ls note-app-vuejs-vuex
23 error There is likely additional logging output above.
24 verbose exit [ 1, true ]
